2014-10-14 10:40:34,179 INFO e.u.m.t.r.Intro [main] Intro initialized 
2014-10-14 10:40:34,493 INFO e.u.m.t.r.Intro [main] UI initialized 
2014-10-14 10:40:34,649 INFO e.u.m.t.r.Intro [main] Window creation completed 
2014-10-14 11:12:52,258 INFO e.u.m.t.r.Intro [main] Intro initialized 
2014-10-14 11:12:52,446 INFO e.u.m.t.r.IntroUI [main] UI initialized 
2014-10-14 11:12:52,524 INFO e.u.m.t.r.IntroUI [main] Window creation completed 
2014-10-21 10:55:13,959 INFO e.u.m.t.r.Intro [main] Intro initialized 
2014-10-21 10:55:14,210 INFO e.u.m.t.r.IntroUI [main] UI initialized 
2014-10-21 10:55:14,289 INFO e.u.m.t.r.IntroUI [main] Window creation completed 
2014-10-21 11:49:28,658 INFO e.u.m.t.r.Intro [main] Intro initialized 
2014-10-21 11:49:28,724 INFO e.u.m.t.r.IntroUI [main] UI initialized 
2014-10-21 11:49:28,749 INFO e.u.m.t.r.IntroUI [main] Window creation completed 
2014-10-21 11:49:58,403 INFO e.u.m.t.r.Intro [main] Intro initialized 
2014-10-21 11:49:58,437 INFO e.u.m.t.r.IntroUI [main] UI initialized 
2014-10-21 11:49:58,457 INFO e.u.m.t.r.IntroUI [main] Window creation completed 
2014-10-21 11:50:09,129 INFO e.u.m.t.r.Intro [main] Intro initialized 
2014-10-21 11:50:09,162 INFO e.u.m.t.r.IntroUI [main] UI initialized 
2014-10-21 11:50:09,183 INFO e.u.m.t.r.IntroUI [main] Window creation completed 
2014-10-21 11:53:38,876 INFO e.u.m.t.r.Intro [main] Intro initialized 
2014-10-21 11:53:38,938 INFO e.u.m.t.r.IntroUI [main] UI initialized 
2014-10-21 11:53:38,958 INFO e.u.m.t.r.IntroUI [main] Window creation completed 
2014-10-21 12:22:08,850 INFO e.u.m.t.r.Intro [main] Intro initialized 
2014-10-21 12:22:08,945 INFO e.u.m.t.r.IntroUI [main] UI initialized 
2014-10-21 12:22:08,976 INFO e.u.m.t.r.IntroUI [main] Window creation completed 
2014-10-21 12:39:59,314 INFO e.u.m.t.r.Intro [main] Intro initialized 
2014-10-21 12:39:59,355 INFO e.u.m.t.r.IntroUI [main] UI initialized 
2014-10-21 12:39:59,373 INFO e.u.m.t.r.IntroUI [main] Window creation completed 
2014-10-21 12:41:33,105 INFO e.u.m.t.r.Intro [main] Intro initialized 
2014-10-21 12:41:33,166 INFO e.u.m.t.r.IntroUI [main] UI initialized 
2014-10-21 12:41:33,186 INFO e.u.m.t.r.IntroUI [main] Window creation completed 
2014-10-26 17:00:54,176 INFO e.u.m.t.r.Intro [main] Intro initialized 
2014-10-26 17:00:54,290 INFO e.u.m.t.r.IntroUI [main] UI initialized 
2014-10-26 17:00:54,351 INFO e.u.m.t.r.IntroUI [main] Window creation completed 
2014-10-26 17:01:37,478 INFO e.u.m.t.r.Intro [main] Intro initialized 
2014-10-26 17:01:37,529 INFO e.u.m.t.r.IntroUI [main] UI initialized 
2014-10-26 17:01:37,607 INFO e.u.m.t.r.IntroUI [main] Window creation completed 
2014-10-26 17:02:09,422 INFO e.u.m.t.s.u.t.PurchaseTab [AWT-EventQueue-0] New sale process started 
2014-10-26 17:02:17,414 INFO e.u.m.t.s.u.t.PurchaseTab [AWT-EventQueue-0] Sale complete 
2014-10-26 17:02:17,414 DEBUG e.u.m.t.s.u.t.PurchaseTab [AWT-EventQueue-0] Contents of the current basket:
Id	Name	Price	Quantity	
 
2014-10-26 17:02:17,415 ERROR e.u.m.t.s.u.t.PurchaseTab [AWT-EventQueue-0] Underaged! 
2014-10-26 17:02:17,991 INFO e.u.m.t.s.u.t.PurchaseTab [AWT-EventQueue-0] Sale cancelled 
2014-10-26 17:02:20,924 INFO e.u.m.t.s.u.t.PurchaseTab [AWT-EventQueue-0] New sale process started 
2014-10-26 17:02:32,444 INFO e.u.m.t.r.Intro [main] Intro initialized 
2014-10-26 17:02:32,497 INFO e.u.m.t.r.IntroUI [main] UI initialized 
2014-10-26 17:02:32,535 INFO e.u.m.t.r.IntroUI [main] Window creation completed 
2014-10-26 17:02:52,808 INFO e.u.m.t.r.Intro [main] Intro initialized 
2014-10-26 17:02:52,967 INFO e.u.m.t.r.IntroUI [main] UI initialized 
2014-10-26 17:02:53,021 INFO e.u.m.t.r.IntroUI [main] Window creation completed 
2014-10-26 17:06:43,453 INFO e.u.m.t.r.Intro [main] Intro initialized 
2014-10-26 17:06:43,681 INFO e.u.m.t.r.IntroUI [main] UI initialized 
2014-10-26 17:06:43,739 INFO e.u.m.t.r.IntroUI [main] Window creation completed 
2014-10-26 17:06:50,489 INFO e.u.m.t.s.u.t.PurchaseTab [AWT-EventQueue-0] New sale process started 
2014-10-26 17:07:04,248 DEBUG e.u.m.t.s.u.m.PurchaseInfoTableModel [AWT-EventQueue-0] Added Chupa-chups quantity of 1 
2014-10-26 17:07:11,408 DEBUG e.u.m.t.s.u.m.PurchaseInfoTableModel [AWT-EventQueue-0] Added Free Beer quantity of 1 
2014-10-26 17:07:13,118 INFO e.u.m.t.s.u.t.PurchaseTab [AWT-EventQueue-0] Sale complete 
2014-10-26 17:07:13,118 DEBUG e.u.m.t.s.u.t.PurchaseTab [AWT-EventQueue-0] Contents of the current basket:
Id	Name	Price	Quantity	
null	Chupa-chups	8.0	1	8.0	
null	Free Beer	0.0	1	0.0	
 
